MPASM  5.51                          PROG.ASM   1-8-2025  13:46:13         PAGE  1


LOC  OBJECT CODE     LINE SOURCE TEXT
  VALUE

Warning[205]: Found directive in column 1. (LIST)
                      00001 LIST    P=16F84A
                      00002     INCLUDE P16F84A.INC
                      00001         LIST
                      00002 
                      00003 ;==========================================================================
                      00004 ;  MPASM PIC16F84A processor include
                      00005 ; 
                      00006 ;  (c) Copyright 1999-2013 Microchip Technology, All rights reserved
                      00007 ;==========================================================================
                      00008 
                      00208         LIST
                      00003     
2007   3FF1           00004     __CONFIG _CP_OFF & _WDT_OFF & _PWRTE_ON & _XT_OSC
                      00005 
Warning[207]: Found label after column 1. (COUNTER)
  00000020            00006     COUNTER EQU 0x20
                      00007     
0000                  00008     ORG     0x00
0000   2805           00009     goto    START
                      00010     
0004                  00011     ORG     0x04
0004   0009           00012     retfie
                      00013     
0005                  00014 START
0005   1683           00015     bsf     STATUS, RP0    ; Bank 1
0006   3000           00016     movlw   b'00000000'    ; Set PORTA as output
Message[302]: Register in operand not in bank 0.  Ensure that bank bits are correct.
0007   0085           00017     movwf   TRISA
0008   1283           00018     bcf     STATUS, RP0    ; Bank 0
                      00019     
0009   0185           00020     clrf    PORTA
000A   01A0           00021     clrf    COUNTER
                      00022     
000B                  00023 MAIN_LOOP
000B   0820           00024     movf    COUNTER, W
000C   3AFF           00025     xorlw   0xFF          ; Invert the value for common cathode
000D   0085           00026     movwf   PORTA
000E   2016           00027     call    DELAY
                      00028     
000F   0AA0           00029     incf    COUNTER, F
0010   300A           00030     movlw   .10
0011   0220           00031     subwf   COUNTER, W
0012   1D03           00032     btfss   STATUS, Z
0013   280B           00033     goto    MAIN_LOOP
                      00034     
0014   01A0           00035     clrf    COUNTER
0015   280B           00036     goto    MAIN_LOOP
                      00037     
0016                  00038 DELAY
0016   30FF           00039     movlw   .255
0017   00A1           00040     movwf   0x21
0018                  00041 DELAY_LOOP1
MPASM  5.51                          PROG.ASM   1-8-2025  13:46:13         PAGE  2


LOC  OBJECT CODE     LINE SOURCE TEXT
  VALUE

0018   30FF           00042     movlw   .255
0019   00A2           00043     movwf   0x22
001A                  00044 DELAY_LOOP2
001A   0BA2           00045     decfsz  0x22, F
001B   281A           00046     goto    DELAY_LOOP2
001C   0BA1           00047     decfsz  0x21, F
001D   2818           00048     goto    DELAY_LOOP1
001E   0008           00049     return
                      00050     
                      00051     END
MPASM  5.51                          PROG.ASM   1-8-2025  13:46:13         PAGE  3


SYMBOL TABLE
  LABEL                             VALUE 

C                                 00000000
COUNTER                           00000020
DC                                00000001
DELAY                             00000016
DELAY_LOOP1                       00000018
DELAY_LOOP2                       0000001A
EEADR                             00000009
EECON1                            00000088
EECON2                            00000089
EEDATA                            00000008
EEIE                              00000006
EEIF                              00000004
F                                 00000001
FSR                               00000004
GIE                               00000007
INDF                              00000000
INTCON                            0000000B
INTE                              00000004
INTEDG                            00000006
INTF                              00000001
IRP                               00000007
MAIN_LOOP                         0000000B
NOT_PD                            00000003
NOT_RBPU                          00000007
NOT_TO                            00000004
OPTION_REG                        00000081
PCL                               00000002
PCLATH                            0000000A
PORTA                             00000005
PORTB                             00000006
PS0                               00000000
PS1                               00000001
PS2                               00000002
PSA                               00000003
RA0                               00000000
RA1                               00000001
RA2                               00000002
RA3                               00000003
RA4                               00000004
RB0                               00000000
RB1                               00000001
RB2                               00000002
RB3                               00000003
RB4                               00000004
RB5                               00000005
RB6                               00000006
RB7                               00000007
RBIE                              00000003
RBIF                              00000000
RD                                00000000
RP0                               00000005
RP1                               00000006
START                             00000005
MPASM  5.51                          PROG.ASM   1-8-2025  13:46:13         PAGE  4


SYMBOL TABLE
  LABEL                             VALUE 

STATUS                            00000003
T0CS                              00000005
T0IE                              00000005
T0IF                              00000002
T0SE                              00000004
TMR0                              00000001
TMR0IE                            00000005
TMR0IF                            00000002
TRISA                             00000085
TRISA0                            00000000
TRISA1                            00000001
TRISA2                            00000002
TRISA3                            00000003
TRISA4                            00000004
TRISB                             00000086
TRISB0                            00000000
TRISB1                            00000001
TRISB2                            00000002
TRISB3                            00000003
TRISB4                            00000004
TRISB5                            00000005
TRISB6                            00000006
TRISB7                            00000007
W                                 00000000
WR                                00000001
WREN                              00000002
WRERR                             00000003
Z                                 00000002
_CONFIG                           00002007
_CP_OFF                           00003FFF
_CP_ON                            0000000F
_DEVID1                           00002006
_FOSC_EXTRC                       00003FFF
_FOSC_HS                          00003FFE
_FOSC_LP                          00003FFC
_FOSC_XT                          00003FFD
_HS_OSC                           00003FFE
_IDLOC0                           00002000
_IDLOC1                           00002001
_IDLOC2                           00002002
_IDLOC3                           00002003
_LP_OSC                           00003FFC
_PWRTE_OFF                        00003FFF
_PWRTE_ON                         00003FF7
_RC_OSC                           00003FFF
_WDTE_OFF                         00003FFB
_WDTE_ON                          00003FFF
_WDT_OFF                          00003FFB
_WDT_ON                           00003FFF
_XT_OSC                           00003FFD
__16F84A                          00000001
MPASM  5.51                          PROG.ASM   1-8-2025  13:46:13         PAGE  5


MEMORY USAGE MAP ('X' = Used,  '-' = Unused)


0000 : X---XXXXXXXXXXXX XXXXXXXXXXXXXXX- ---------------- ----------------
2000 : -------X-------- ---------------- ---------------- ----------------

All other memory blocks unused.

Program Memory Words Used:    28
Program Memory Words Free:   996


Errors   :     0
Warnings :     2 reported,     0 suppressed
Messages :     1 reported,     0 suppressed

