MPASM  5.51                        PROG 2.ASM   1-8-2025  13:53:03         PAGE  1


LOC  OBJECT CODE     LINE SOURCE TEXT
  VALUE

Warning[205]: Found directive in column 1. (LIST)
                      00001 LIST P=16F84A
                      00002     #include <P16F84A.INC>
                      00001         LIST
                      00002 
                      00003 ;==========================================================================
                      00004 ;  MPASM PIC16F84A processor include
                      00005 ; 
                      00006 ;  (c) Copyright 1999-2013 Microchip Technology, All rights reserved
                      00007 ;==========================================================================
                      00008 
                      00208         LIST
                      00003     
                      00004     ; Configuration bits
2007   3FF1           00005     __CONFIG _CP_OFF & _WDT_OFF & _PWRTE_ON & _XT_OSC
                      00006     
                      00007     ; Variable definitions
Warning[207]: Found label after column 1. (COUNTER)
  0000000C            00008     COUNTER    EQU    0x0C        ; Counter variable
Warning[207]: Found label after column 1. (DELAY_1)
  0000000D            00009     DELAY_1    EQU    0x0D        ; Delay variable 1
Warning[207]: Found label after column 1. (DELAY_2)
  0000000E            00010     DELAY_2    EQU    0x0E        ; Delay variable 2
                      00011     
                      00012     ; Reset vector
0000                  00013     ORG     0x000
0000   2805           00014     GOTO    START
                      00015     
                      00016     ; Main program
0005                  00017     ORG     0x005
0005                  00018 START
0005   1683           00019     BSF     STATUS, RP0      ; Select Bank 1
Message[302]: Register in operand not in bank 0.  Ensure that bank bits are correct.
0006   0186           00020     CLRF    TRISB           ; Set PORTB as output
0007   1283           00021     BCF     STATUS, RP0      ; Select Bank 0
                      00022     
0008                  00023 MAIN_LOOP
0008   018C           00024     CLRF    COUNTER         ; Initialize counter to 0
                      00025     
0009                  00026 DISPLAY_LOOP
0009   080C           00027     MOVF    COUNTER, W      ; Move counter value to W
000A   390F           00028     ANDLW   0x0F            ; Mask upper nibble
000B   0086           00029     MOVWF   PORTB           ; Output to PORTB (connected to 74LS47)
000C   2013           00030     CALL    DELAY           ; Wait before showing next number
000D   0A8C           00031     INCF    COUNTER, F      ; Increment counter
000E   300A           00032     MOVLW   0x0A            ; Load 10 into W
000F   020C           00033     SUBWF   COUNTER, W      ; Check if counter = 10
0010   1D03           00034     BTFSS   STATUS, Z       ; Skip if counter = 10
0011   2809           00035     GOTO    DISPLAY_LOOP    ; If counter < 10, continue display loop
0012   2808           00036     GOTO    MAIN_LOOP       ; If counter = 10, reset to 0
                      00037     
                      00038 ; Delay subroutine
0013                  00039 DELAY
MPASM  5.51                        PROG 2.ASM   1-8-2025  13:53:03         PAGE  2


LOC  OBJECT CODE     LINE SOURCE TEXT
  VALUE

0013   30FF           00040     MOVLW   0xFF
0014   008D           00041     MOVWF   DELAY_1
0015                  00042 DELAY_LOOP1
0015   30FF           00043     MOVLW   0xFF
0016   008E           00044     MOVWF   DELAY_2
0017                  00045 DELAY_LOOP2
0017   0B8E           00046     DECFSZ  DELAY_2, F
0018   2817           00047     GOTO    DELAY_LOOP2
0019   0B8D           00048     DECFSZ  DELAY_1, F
001A   2815           00049     GOTO    DELAY_LOOP1
001B   0008           00050     RETURN
                      00051 
                      00052     END                     ; End of program
MPASM  5.51                        PROG 2.ASM   1-8-2025  13:53:03         PAGE  3


SYMBOL TABLE
  LABEL                             VALUE 

C                                 00000000
COUNTER                           0000000C
DC                                00000001
DELAY                             00000013
DELAY_1                           0000000D
DELAY_2                           0000000E
DELAY_LOOP1                       00000015
DELAY_LOOP2                       00000017
DISPLAY_LOOP                      00000009
EEADR                             00000009
EECON1                            00000088
EECON2                            00000089
EEDATA                            00000008
EEIE                              00000006
EEIF                              00000004
F                                 00000001
FSR                               00000004
GIE                               00000007
INDF                              00000000
INTCON                            0000000B
INTE                              00000004
INTEDG                            00000006
INTF                              00000001
IRP                               00000007
MAIN_LOOP                         00000008
NOT_PD                            00000003
NOT_RBPU                          00000007
NOT_TO                            00000004
OPTION_REG                        00000081
PCL                               00000002
PCLATH                            0000000A
PORTA                             00000005
PORTB                             00000006
PS0                               00000000
PS1                               00000001
PS2                               00000002
PSA                               00000003
RA0                               00000000
RA1                               00000001
RA2                               00000002
RA3                               00000003
RA4                               00000004
RB0                               00000000
RB1                               00000001
RB2                               00000002
RB3                               00000003
RB4                               00000004
RB5                               00000005
RB6                               00000006
RB7                               00000007
RBIE                              00000003
RBIF                              00000000
RD                                00000000
MPASM  5.51                        PROG 2.ASM   1-8-2025  13:53:03         PAGE  4


SYMBOL TABLE
  LABEL                             VALUE 

RP0                               00000005
RP1                               00000006
START                             00000005
STATUS                            00000003
T0CS                              00000005
T0IE                              00000005
T0IF                              00000002
T0SE                              00000004
TMR0                              00000001
TMR0IE                            00000005
TMR0IF                            00000002
TRISA                             00000085
TRISA0                            00000000
TRISA1                            00000001
TRISA2                            00000002
TRISA3                            00000003
TRISA4                            00000004
TRISB                             00000086
TRISB0                            00000000
TRISB1                            00000001
TRISB2                            00000002
TRISB3                            00000003
TRISB4                            00000004
TRISB5                            00000005
TRISB6                            00000006
TRISB7                            00000007
W                                 00000000
WR                                00000001
WREN                              00000002
WRERR                             00000003
Z                                 00000002
_CONFIG                           00002007
_CP_OFF                           00003FFF
_CP_ON                            0000000F
_DEVID1                           00002006
_FOSC_EXTRC                       00003FFF
_FOSC_HS                          00003FFE
_FOSC_LP                          00003FFC
_FOSC_XT                          00003FFD
_HS_OSC                           00003FFE
_IDLOC0                           00002000
_IDLOC1                           00002001
_IDLOC2                           00002002
_IDLOC3                           00002003
_LP_OSC                           00003FFC
_PWRTE_OFF                        00003FFF
_PWRTE_ON                         00003FF7
_RC_OSC                           00003FFF
_WDTE_OFF                         00003FFB
_WDTE_ON                          00003FFF
_WDT_OFF                          00003FFB
_WDT_ON                           00003FFF
_XT_OSC                           00003FFD
MPASM  5.51                        PROG 2.ASM   1-8-2025  13:53:03         PAGE  5


SYMBOL TABLE
  LABEL                             VALUE 

__16F84A                          00000001


MEMORY USAGE MAP ('X' = Used,  '-' = Unused)

0000 : X----XXXXXXXXXXX XXXXXXXXXXXX---- ---------------- ----------------
2000 : -------X-------- ---------------- ---------------- ----------------

All other memory blocks unused.

Program Memory Words Used:    24
Program Memory Words Free:  1000


Errors   :     0
Warnings :     4 reported,     0 suppressed
Messages :     1 reported,     0 suppressed

